<?xml version="1.0" encoding="UTF-8"?>
<!-- Generated by org.testng.reporters.JUnitReportReporter -->
<testsuite skipped="0" hostname="DESKTOP-RAK9CJC" name="GETapi2" tests="1" failures="0" timestamp="21 jun 2022 17:59:00 GMT" time="3.318" errors="0">
  <testcase name="getweatherDetails" time="3.318" classname="GETapi2"/>
</testsuite> <!-- GETapi2 -->
