<?xml version="1.0" encoding="UTF-8"?>
<!-- Generated by org.testng.reporters.JUnitReportReporter -->
<testsuite skipped="0" hostname="DESKTOP-RAK9CJC" name="GETapi" tests="1" failures="0" timestamp="14 jul 2022 01:33:00 GMT" time="3.966" errors="0">
  <testcase name="getweatherDetails" time="3.966" classname="GETapi"/>
</testsuite> <!-- GETapi -->
