<?xml version="1.0" encoding="UTF-8"?>
<!-- Generated by org.testng.reporters.JUnitReportReporter -->
<testsuite skipped="0" hostname="DESKTOP-RAK9CJC" name="POSTapi3" tests="1" failures="0" timestamp="20 jun 2022 21:54:01 GMT" time="3.390" errors="0">
  <testcase name="RegistrationSuccessful" time="3.390" classname="POSTapi3"/>
</testsuite> <!-- POSTapi3 -->
