<?xml version="1.0" encoding="UTF-8"?>
<!-- Generated by org.testng.reporters.JUnitReportReporter -->
<testsuite skipped="0" hostname="DESKTOP-RAK9CJC" name="bookstore" tests="1" failures="0" timestamp="09 oct 2022 02:01:13 GMT" time="4.499" errors="0">
  <testcase name="getbook" time="4.499" classname="bookstore"/>
</testsuite> <!-- bookstore -->
